19:01:44.849 [http-bio-8080-exec-1] ERROR c.a.g.controller.UserController - 查询失败！：：：用户::sss::不存在
19:01:49.353 [http-bio-8080-exec-1] ERROR c.a.g.controller.UserController - 查询失败！：：：用户::sas::不存在
19:02:40.828 [http-bio-8080-exec-4] ERROR c.a.g.controller.UserController - 查询失败！：：：用户::sas::不存在
19:02:43.405 [http-bio-8080-exec-4] ERROR c.a.g.controller.UserController - 查询失败！：：：用户::ass::不存在
19:04:24.544 [http-bio-8080-exec-6] ERROR c.a.g.controller.UserController - 查询失败！：：：用户::sdd::不存在
19:05:47.151 [http-bio-8080-exec-1] ERROR c.a.g.controller.UserController - 查询失败！：：：用户::s::不存在
19:08:01.360 [http-bio-8080-exec-6] ERROR c.a.g.controller.UserController - 查询失败！：：：用户::a::不存在
19:10:25.826 [http-bio-8080-exec-6] ERROR c.a.g.controller.UserController - 查询失败！：：：用户::ss::不存在
19:17:53.204 [http-bio-8080-exec-5] ERROR c.a.g.controller.UserController - 查询失败！：：：用户::s::不存在
19:18:35.046 [http-bio-8080-exec-6] ERROR c.a.g.controller.UserController - 查询失败！：：：用户::ww::不存在
19:19:55.141 [http-bio-8080-exec-6] ERROR c.a.g.controller.UserController - 查询失败！：：：用户::dd::不存在
19:21:00.475 [http-bio-8080-exec-6] ERROR c.a.g.controller.UserController - 查询失败！：：：用户::rr::不存在
19:21:36.074 [http-bio-8080-exec-9] ERROR c.a.g.controller.UserController - 查询失败！：：：用户::rr::不存在
19:21:38.977 [http-bio-8080-exec-10] ERROR c.a.g.controller.UserController - 查询失败！：：：用户::ee::不存在
19:21:43.143 [http-bio-8080-exec-10] ERROR c.a.g.controller.UserController - 查询失败！：：：用户::rr::不存在
19:21:46.066 [http-bio-8080-exec-10] ERROR c.a.g.controller.UserController - 查询失败！：：：用户::rr::不存在
19:21:48.129 [http-bio-8080-exec-10] ERROR c.a.g.controller.UserController - 查询失败！：：：用户::wer::不存在
19:22:24.957 [http-bio-8080-exec-7] ERROR c.a.g.controller.UserController - 查询失败！：：：用户::ff::不存在
19:23:18.666 [http-bio-8080-exec-7] ERROR c.a.g.controller.UserController - 查询失败！：：：用户::dd::不存在
19:24:18.358 [http-bio-8080-exec-7] ERROR c.a.g.controller.UserController - 查询失败！：：：用户::ff::不存在
19:25:53.764 [http-bio-8080-exec-7] ERROR c.a.g.controller.UserController - 查询失败！：：：用户::dd::不存在
19:26:10.414 [http-bio-8080-exec-8] ERROR c.a.g.controller.UserController - 查询失败！：：：用户::dd::不存在
19:26:12.874 [http-bio-8080-exec-10] ERROR c.a.g.controller.UserController - 查询失败！：：：用户::rr::不存在
19:26:40.979 [http-bio-8080-exec-7] ERROR c.a.g.controller.UserController - 查询失败！：：：用户::rr::不存在
19:26:44.168 [http-bio-8080-exec-4] ERROR c.a.g.controller.UserController - 查询失败！：：：用户::rr::不存在
19:27:46.516 [http-bio-8080-exec-6] ERROR c.a.g.controller.UserController - 查询失败！：：：用户::rr::不存在
19:27:49.145 [http-bio-8080-exec-7] ERROR c.a.g.controller.UserController - 查询失败！：：：用户::ss::不存在
19:28:27.600 [http-bio-8080-exec-2] ERROR c.a.g.controller.UserController - 查询失败！：：：用户::ss::不存在
19:28:32.410 [http-bio-8080-exec-6] ERROR c.a.g.controller.UserController - 查询失败！：：：用户::sda::不存在
19:29:28.910 [http-bio-8080-exec-6] ERROR c.a.g.controller.UserController - 查询失败！：：：用户::ss::不存在
19:30:00.164 [http-bio-8080-exec-7] ERROR c.a.g.controller.UserController - 查询失败！：：：用户::sdas::不存在
19:30:03.840 [http-bio-8080-exec-9] ERROR c.a.g.controller.UserController - 查询失败！：：：用户::ss::不存在
19:30:36.514 [http-bio-8080-exec-7] ERROR c.a.g.controller.UserController - 查询失败！：：：用户::ss::不存在
19:31:55.374 [http-bio-8080-exec-9] ERROR c.a.g.controller.UserController - 查询失败！：：：用户::ds::不存在
