13:36:41.274 [Thread-3] ERROR c.a.graduationproject.test.WeatherDB - Jsoup解析数据超时！
java.net.SocketTimeoutException: Read timed out
	at java.net.SocketInputStream.socketRead0(Native Method) ~[na:1.7.0_60]
	at java.net.SocketInputStream.read(SocketInputStream.java:152) ~[na:1.7.0_60]
	at java.net.SocketInputStream.read(SocketInputStream.java:122) ~[na:1.7.0_60]
	at java.io.BufferedInputStream.fill(BufferedInputStream.java:235) ~[na:1.7.0_60]
	at java.io.BufferedInputStream.read1(BufferedInputStream.java:275) ~[na:1.7.0_60]
	at java.io.BufferedInputStream.read(BufferedInputStream.java:334) ~[na:1.7.0_60]
	at sun.net.www.http.HttpClient.parseHTTPHeader(HttpClient.java:687) ~[na:1.7.0_60]
	at sun.net.www.http.HttpClient.parseHTTP(HttpClient.java:633) ~[na:1.7.0_60]
	at sun.net.www.protocol.http.HttpURLConnection.getInputStream(HttpURLConnection.java:1323) ~[na:1.7.0_60]
	at java.net.HttpURLConnection.getResponseCode(HttpURLConnection.java:468) ~[na:1.7.0_60]
	at com.aiit.graduationproject.utils.WeatherUtil.getWeatherInfoByListAndNum(WeatherUtil.java:291) ~[classes/:na]
	at com.aiit.graduationproject.test.WeatherThread.run(WeatherDB.java:136) ~[test-classes/:na]
	at java.lang.Thread.run(Thread.java:745) [na:1.7.0_60]
14:09:55.020 [Thread-3] ERROR c.a.graduationproject.test.WeatherDB - Jsoup解析数据超时！
java.net.SocketTimeoutException: Read timed out
	at java.net.SocketInputStream.socketRead0(Native Method) ~[na:1.7.0_60]
	at java.net.SocketInputStream.read(SocketInputStream.java:152) ~[na:1.7.0_60]
	at java.net.SocketInputStream.read(SocketInputStream.java:122) ~[na:1.7.0_60]
	at java.io.BufferedInputStream.fill(BufferedInputStream.java:235) ~[na:1.7.0_60]
	at java.io.BufferedInputStream.read1(BufferedInputStream.java:275) ~[na:1.7.0_60]
	at java.io.BufferedInputStream.read(BufferedInputStream.java:334) ~[na:1.7.0_60]
	at sun.net.www.http.ChunkedInputStream.fastRead(ChunkedInputStream.java:244) ~[na:1.7.0_60]
	at sun.net.www.http.ChunkedInputStream.read(ChunkedInputStream.java:689) ~[na:1.7.0_60]
	at java.io.FilterInputStream.read(FilterInputStream.java:133) ~[na:1.7.0_60]
	at sun.net.www.protocol.http.HttpURLConnection$HttpInputStream.read(HttpURLConnection.java:3053) ~[na:1.7.0_60]
	at sun.nio.cs.StreamDecoder.readBytes(StreamDecoder.java:283) ~[na:1.7.0_60]
	at sun.nio.cs.StreamDecoder.implRead(StreamDecoder.java:325) ~[na:1.7.0_60]
	at sun.nio.cs.StreamDecoder.read(StreamDecoder.java:177) ~[na:1.7.0_60]
	at java.io.InputStreamReader.read(InputStreamReader.java:184) ~[na:1.7.0_60]
	at java.io.BufferedReader.fill(BufferedReader.java:154) ~[na:1.7.0_60]
	at java.io.BufferedReader.readLine(BufferedReader.java:317) ~[na:1.7.0_60]
	at java.io.BufferedReader.readLine(BufferedReader.java:382) ~[na:1.7.0_60]
	at com.aiit.graduationproject.utils.WeatherUtil.getWeatherInfoByListAndNum(WeatherUtil.java:296) ~[classes/:na]
	at com.aiit.graduationproject.test.WeatherThread.run(WeatherDB.java:140) ~[test-classes/:na]
	at java.lang.Thread.run(Thread.java:745) [na:1.7.0_60]
14:09:58.409 [Thread-4] ERROR c.a.graduationproject.test.WeatherDB - Jsoup解析数据超时！
java.net.SocketTimeoutException: Read timed out
	at java.net.SocketInputStream.socketRead0(Native Method) ~[na:1.7.0_60]
	at java.net.SocketInputStream.read(SocketInputStream.java:152) ~[na:1.7.0_60]
	at java.net.SocketInputStream.read(SocketInputStream.java:122) ~[na:1.7.0_60]
	at java.io.BufferedInputStream.read1(BufferedInputStream.java:273) ~[na:1.7.0_60]
	at java.io.BufferedInputStream.read(BufferedInputStream.java:334) ~[na:1.7.0_60]
	at sun.net.www.http.ChunkedInputStream.fastRead(ChunkedInputStream.java:244) ~[na:1.7.0_60]
	at sun.net.www.http.ChunkedInputStream.read(ChunkedInputStream.java:689) ~[na:1.7.0_60]
	at java.io.FilterInputStream.read(FilterInputStream.java:133) ~[na:1.7.0_60]
	at sun.net.www.protocol.http.HttpURLConnection$HttpInputStream.read(HttpURLConnection.java:3053) ~[na:1.7.0_60]
	at sun.nio.cs.StreamDecoder.readBytes(StreamDecoder.java:283) ~[na:1.7.0_60]
	at sun.nio.cs.StreamDecoder.implRead(StreamDecoder.java:325) ~[na:1.7.0_60]
	at sun.nio.cs.StreamDecoder.read(StreamDecoder.java:177) ~[na:1.7.0_60]
	at java.io.InputStreamReader.read(InputStreamReader.java:184) ~[na:1.7.0_60]
	at java.io.BufferedReader.fill(BufferedReader.java:154) ~[na:1.7.0_60]
	at java.io.BufferedReader.readLine(BufferedReader.java:317) ~[na:1.7.0_60]
	at java.io.BufferedReader.readLine(BufferedReader.java:382) ~[na:1.7.0_60]
	at com.aiit.graduationproject.utils.WeatherUtil.getWeatherInfoByListAndNum(WeatherUtil.java:296) ~[classes/:na]
	at com.aiit.graduationproject.test.WeatherThread.run(WeatherDB.java:140) ~[test-classes/:na]
	at java.lang.Thread.run(Thread.java:745) [na:1.7.0_60]
14:17:44.796 [Thread-3] ERROR c.a.graduationproject.test.WeatherDB - Jsoup解析数据超时！
java.net.SocketTimeoutException: Read timed out
	at java.net.SocketInputStream.socketRead0(Native Method) ~[na:1.7.0_60]
	at java.net.SocketInputStream.read(SocketInputStream.java:152) ~[na:1.7.0_60]
	at java.net.SocketInputStream.read(SocketInputStream.java:122) ~[na:1.7.0_60]
	at java.io.BufferedInputStream.fill(BufferedInputStream.java:235) ~[na:1.7.0_60]
	at java.io.BufferedInputStream.read1(BufferedInputStream.java:275) ~[na:1.7.0_60]
	at java.io.BufferedInputStream.read(BufferedInputStream.java:334) ~[na:1.7.0_60]
	at sun.net.www.http.HttpClient.parseHTTPHeader(HttpClient.java:687) ~[na:1.7.0_60]
	at sun.net.www.http.HttpClient.parseHTTP(HttpClient.java:633) ~[na:1.7.0_60]
	at sun.net.www.protocol.http.HttpURLConnection.getInputStream(HttpURLConnection.java:1323) ~[na:1.7.0_60]
	at java.net.HttpURLConnection.getResponseCode(HttpURLConnection.java:468) ~[na:1.7.0_60]
	at com.aiit.graduationproject.utils.WeatherUtil.getWeatherInfoByListAndNum(WeatherUtil.java:291) ~[classes/:na]
	at com.aiit.graduationproject.test.WeatherThread.run(WeatherDB.java:137) ~[test-classes/:na]
	at java.lang.Thread.run(Thread.java:745) [na:1.7.0_60]
14:19:23.854 [Thread-4] ERROR c.a.graduationproject.test.WeatherDB - Jsoup解析数据超时！
java.net.SocketTimeoutException: Read timed out
	at java.net.SocketInputStream.socketRead0(Native Method) ~[na:1.7.0_60]
	at java.net.SocketInputStream.read(SocketInputStream.java:152) ~[na:1.7.0_60]
	at java.net.SocketInputStream.read(SocketInputStream.java:122) ~[na:1.7.0_60]
	at java.io.BufferedInputStream.fill(BufferedInputStream.java:235) ~[na:1.7.0_60]
	at java.io.BufferedInputStream.read1(BufferedInputStream.java:275) ~[na:1.7.0_60]
	at java.io.BufferedInputStream.read(BufferedInputStream.java:334) ~[na:1.7.0_60]
	at sun.net.www.http.HttpClient.parseHTTPHeader(HttpClient.java:687) ~[na:1.7.0_60]
	at sun.net.www.http.HttpClient.parseHTTP(HttpClient.java:633) ~[na:1.7.0_60]
	at sun.net.www.protocol.http.HttpURLConnection.getInputStream(HttpURLConnection.java:1323) ~[na:1.7.0_60]
	at java.net.HttpURLConnection.getResponseCode(HttpURLConnection.java:468) ~[na:1.7.0_60]
	at com.aiit.graduationproject.utils.WeatherUtil.getWeatherInfoByListAndNum(WeatherUtil.java:291) ~[classes/:na]
	at com.aiit.graduationproject.test.WeatherThread.run(WeatherDB.java:137) ~[test-classes/:na]
	at java.lang.Thread.run(Thread.java:745) [na:1.7.0_60]
14:20:18.324 [Thread-5] ERROR c.a.graduationproject.test.WeatherDB - Jsoup解析数据超时！
java.net.SocketTimeoutException: Read timed out
	at java.net.SocketInputStream.socketRead0(Native Method) ~[na:1.7.0_60]
	at java.net.SocketInputStream.read(SocketInputStream.java:152) ~[na:1.7.0_60]
	at java.net.SocketInputStream.read(SocketInputStream.java:122) ~[na:1.7.0_60]
	at java.io.BufferedInputStream.fill(BufferedInputStream.java:235) ~[na:1.7.0_60]
	at java.io.BufferedInputStream.read1(BufferedInputStream.java:275) ~[na:1.7.0_60]
	at java.io.BufferedInputStream.read(BufferedInputStream.java:334) ~[na:1.7.0_60]
	at sun.net.www.http.HttpClient.parseHTTPHeader(HttpClient.java:687) ~[na:1.7.0_60]
	at sun.net.www.http.HttpClient.parseHTTP(HttpClient.java:633) ~[na:1.7.0_60]
	at sun.net.www.protocol.http.HttpURLConnection.getInputStream(HttpURLConnection.java:1323) ~[na:1.7.0_60]
	at java.net.HttpURLConnection.getResponseCode(HttpURLConnection.java:468) ~[na:1.7.0_60]
	at com.aiit.graduationproject.utils.WeatherUtil.getWeatherInfoByListAndNum(WeatherUtil.java:291) ~[classes/:na]
	at com.aiit.graduationproject.test.WeatherThread.run(WeatherDB.java:137) ~[test-classes/:na]
	at java.lang.Thread.run(Thread.java:745) [na:1.7.0_60]
14:20:49.061 [Thread-6] ERROR c.a.graduationproject.test.WeatherDB - Jsoup解析数据超时！
java.net.SocketTimeoutException: Read timed out
	at java.net.SocketInputStream.socketRead0(Native Method) ~[na:1.7.0_60]
	at java.net.SocketInputStream.read(SocketInputStream.java:152) ~[na:1.7.0_60]
	at java.net.SocketInputStream.read(SocketInputStream.java:122) ~[na:1.7.0_60]
	at java.io.BufferedInputStream.fill(BufferedInputStream.java:235) ~[na:1.7.0_60]
	at java.io.BufferedInputStream.read1(BufferedInputStream.java:275) ~[na:1.7.0_60]
	at java.io.BufferedInputStream.read(BufferedInputStream.java:334) ~[na:1.7.0_60]
	at sun.net.www.http.HttpClient.parseHTTPHeader(HttpClient.java:687) ~[na:1.7.0_60]
	at sun.net.www.http.HttpClient.parseHTTP(HttpClient.java:633) ~[na:1.7.0_60]
	at sun.net.www.protocol.http.HttpURLConnection.getInputStream(HttpURLConnection.java:1323) ~[na:1.7.0_60]
	at java.net.HttpURLConnection.getResponseCode(HttpURLConnection.java:468) ~[na:1.7.0_60]
	at com.aiit.graduationproject.utils.WeatherUtil.getWeatherInfoByListAndNum(WeatherUtil.java:291) ~[classes/:na]
	at com.aiit.graduationproject.test.WeatherThread.run(WeatherDB.java:137) ~[test-classes/:na]
	at java.lang.Thread.run(Thread.java:745) [na:1.7.0_60]
14:20:58.320 [Thread-7] ERROR c.a.graduationproject.test.WeatherDB - Jsoup解析数据超时！
java.net.SocketTimeoutException: Read timed out
	at java.net.SocketInputStream.socketRead0(Native Method) ~[na:1.7.0_60]
	at java.net.SocketInputStream.read(SocketInputStream.java:152) ~[na:1.7.0_60]
	at java.net.SocketInputStream.read(SocketInputStream.java:122) ~[na:1.7.0_60]
	at java.io.BufferedInputStream.fill(BufferedInputStream.java:235) ~[na:1.7.0_60]
	at java.io.BufferedInputStream.read1(BufferedInputStream.java:275) ~[na:1.7.0_60]
	at java.io.BufferedInputStream.read(BufferedInputStream.java:334) ~[na:1.7.0_60]
	at sun.net.www.http.HttpClient.parseHTTPHeader(HttpClient.java:687) ~[na:1.7.0_60]
	at sun.net.www.http.HttpClient.parseHTTP(HttpClient.java:633) ~[na:1.7.0_60]
	at sun.net.www.protocol.http.HttpURLConnection.getInputStream(HttpURLConnection.java:1323) ~[na:1.7.0_60]
	at java.net.HttpURLConnection.getResponseCode(HttpURLConnection.java:468) ~[na:1.7.0_60]
	at com.aiit.graduationproject.utils.WeatherUtil.getWeatherInfoByListAndNum(WeatherUtil.java:291) ~[classes/:na]
	at com.aiit.graduationproject.test.WeatherThread.run(WeatherDB.java:137) ~[test-classes/:na]
	at java.lang.Thread.run(Thread.java:745) [na:1.7.0_60]
14:21:01.821 [Thread-8] ERROR c.a.graduationproject.test.WeatherDB - Jsoup解析数据超时！
java.net.SocketTimeoutException: Read timed out
	at java.net.SocketInputStream.socketRead0(Native Method) ~[na:1.7.0_60]
	at java.net.SocketInputStream.read(SocketInputStream.java:152) ~[na:1.7.0_60]
	at java.net.SocketInputStream.read(SocketInputStream.java:122) ~[na:1.7.0_60]
	at java.io.BufferedInputStream.fill(BufferedInputStream.java:235) ~[na:1.7.0_60]
	at java.io.BufferedInputStream.read1(BufferedInputStream.java:275) ~[na:1.7.0_60]
	at java.io.BufferedInputStream.read(BufferedInputStream.java:334) ~[na:1.7.0_60]
	at sun.net.www.http.HttpClient.parseHTTPHeader(HttpClient.java:687) ~[na:1.7.0_60]
	at sun.net.www.http.HttpClient.parseHTTP(HttpClient.java:633) ~[na:1.7.0_60]
	at sun.net.www.protocol.http.HttpURLConnection.getInputStream(HttpURLConnection.java:1323) ~[na:1.7.0_60]
	at java.net.HttpURLConnection.getResponseCode(HttpURLConnection.java:468) ~[na:1.7.0_60]
	at com.aiit.graduationproject.utils.WeatherUtil.getWeatherInfoByListAndNum(WeatherUtil.java:291) ~[classes/:na]
	at com.aiit.graduationproject.test.WeatherThread.run(WeatherDB.java:137) ~[test-classes/:na]
	at java.lang.Thread.run(Thread.java:745) [na:1.7.0_60]
14:46:18.629 [Thread-5] ERROR c.a.graduationproject.test.WeatherDB - Jsoup解析数据超时！
java.net.SocketTimeoutException: Read timed out
	at java.net.SocketInputStream.socketRead0(Native Method) ~[na:1.7.0_60]
	at java.net.SocketInputStream.read(SocketInputStream.java:152) ~[na:1.7.0_60]
	at java.net.SocketInputStream.read(SocketInputStream.java:122) ~[na:1.7.0_60]
	at java.io.BufferedInputStream.fill(BufferedInputStream.java:235) ~[na:1.7.0_60]
	at java.io.BufferedInputStream.read1(BufferedInputStream.java:275) ~[na:1.7.0_60]
	at java.io.BufferedInputStream.read(BufferedInputStream.java:334) ~[na:1.7.0_60]
	at sun.net.www.http.HttpClient.parseHTTPHeader(HttpClient.java:687) ~[na:1.7.0_60]
	at sun.net.www.http.HttpClient.parseHTTP(HttpClient.java:633) ~[na:1.7.0_60]
	at sun.net.www.protocol.http.HttpURLConnection.getInputStream(HttpURLConnection.java:1323) ~[na:1.7.0_60]
	at java.net.HttpURLConnection.getResponseCode(HttpURLConnection.java:468) ~[na:1.7.0_60]
	at com.aiit.graduationproject.utils.WeatherUtil.getWeatherInfoByListAndNum(WeatherUtil.java:292) ~[classes/:na]
	at com.aiit.graduationproject.test.WeatherThread.run(WeatherDB.java:137) ~[test-classes/:na]
	at java.lang.Thread.run(Thread.java:745) [na:1.7.0_60]
14:48:43.780 [Thread-6] ERROR c.a.graduationproject.test.WeatherDB - Jsoup解析数据超时！
java.net.SocketTimeoutException: Read timed out
	at java.net.SocketInputStream.socketRead0(Native Method) ~[na:1.7.0_60]
	at java.net.SocketInputStream.read(SocketInputStream.java:152) ~[na:1.7.0_60]
	at java.net.SocketInputStream.read(SocketInputStream.java:122) ~[na:1.7.0_60]
	at java.io.BufferedInputStream.read1(BufferedInputStream.java:273) ~[na:1.7.0_60]
	at java.io.BufferedInputStream.read(BufferedInputStream.java:334) ~[na:1.7.0_60]
	at sun.net.www.http.ChunkedInputStream.fastRead(ChunkedInputStream.java:244) ~[na:1.7.0_60]
	at sun.net.www.http.ChunkedInputStream.read(ChunkedInputStream.java:689) ~[na:1.7.0_60]
	at java.io.FilterInputStream.read(FilterInputStream.java:133) ~[na:1.7.0_60]
	at sun.net.www.protocol.http.HttpURLConnection$HttpInputStream.read(HttpURLConnection.java:3053) ~[na:1.7.0_60]
	at sun.nio.cs.StreamDecoder.readBytes(StreamDecoder.java:283) ~[na:1.7.0_60]
	at sun.nio.cs.StreamDecoder.implRead(StreamDecoder.java:325) ~[na:1.7.0_60]
	at sun.nio.cs.StreamDecoder.read(StreamDecoder.java:177) ~[na:1.7.0_60]
	at java.io.InputStreamReader.read(InputStreamReader.java:184) ~[na:1.7.0_60]
	at java.io.BufferedReader.fill(BufferedReader.java:154) ~[na:1.7.0_60]
	at java.io.BufferedReader.readLine(BufferedReader.java:317) ~[na:1.7.0_60]
	at java.io.BufferedReader.readLine(BufferedReader.java:382) ~[na:1.7.0_60]
	at com.aiit.graduationproject.utils.WeatherUtil.getWeatherInfoByListAndNum(WeatherUtil.java:296) ~[classes/:na]
	at com.aiit.graduationproject.test.WeatherThread.run(WeatherDB.java:137) ~[test-classes/:na]
	at java.lang.Thread.run(Thread.java:745) [na:1.7.0_60]
14:50:42.478 [Thread-7] ERROR c.a.graduationproject.test.WeatherDB - Jsoup解析数据超时！
java.net.SocketTimeoutException: Read timed out
	at java.net.SocketInputStream.socketRead0(Native Method) ~[na:1.7.0_60]
	at java.net.SocketInputStream.read(SocketInputStream.java:152) ~[na:1.7.0_60]
	at java.net.SocketInputStream.read(SocketInputStream.java:122) ~[na:1.7.0_60]
	at java.io.BufferedInputStream.fill(BufferedInputStream.java:235) ~[na:1.7.0_60]
	at java.io.BufferedInputStream.read1(BufferedInputStream.java:275) ~[na:1.7.0_60]
	at java.io.BufferedInputStream.read(BufferedInputStream.java:334) ~[na:1.7.0_60]
	at sun.net.www.http.HttpClient.parseHTTPHeader(HttpClient.java:687) ~[na:1.7.0_60]
	at sun.net.www.http.HttpClient.parseHTTP(HttpClient.java:633) ~[na:1.7.0_60]
	at sun.net.www.protocol.http.HttpURLConnection.getInputStream(HttpURLConnection.java:1323) ~[na:1.7.0_60]
	at java.net.HttpURLConnection.getResponseCode(HttpURLConnection.java:468) ~[na:1.7.0_60]
	at com.aiit.graduationproject.utils.WeatherUtil.getWeatherInfoByListAndNum(WeatherUtil.java:292) ~[classes/:na]
	at com.aiit.graduationproject.test.WeatherThread.run(WeatherDB.java:137) ~[test-classes/:na]
	at java.lang.Thread.run(Thread.java:745) [na:1.7.0_60]
15:10:32.128 [Thread-8] ERROR c.a.graduationproject.test.WeatherDB - Jsoup解析数据超时！
java.net.SocketTimeoutException: Read timed out
	at java.net.SocketInputStream.socketRead0(Native Method) ~[na:1.7.0_60]
	at java.net.SocketInputStream.read(SocketInputStream.java:152) ~[na:1.7.0_60]
	at java.net.SocketInputStream.read(SocketInputStream.java:122) ~[na:1.7.0_60]
	at java.io.BufferedInputStream.fill(BufferedInputStream.java:235) ~[na:1.7.0_60]
	at java.io.BufferedInputStream.read1(BufferedInputStream.java:275) ~[na:1.7.0_60]
	at java.io.BufferedInputStream.read(BufferedInputStream.java:334) ~[na:1.7.0_60]
	at sun.net.www.http.HttpClient.parseHTTPHeader(HttpClient.java:687) ~[na:1.7.0_60]
	at sun.net.www.http.HttpClient.parseHTTP(HttpClient.java:633) ~[na:1.7.0_60]
	at sun.net.www.protocol.http.HttpURLConnection.getInputStream(HttpURLConnection.java:1323) ~[na:1.7.0_60]
	at java.net.HttpURLConnection.getResponseCode(HttpURLConnection.java:468) ~[na:1.7.0_60]
	at com.aiit.graduationproject.utils.WeatherUtil.getWeatherInfoByListAndNum(WeatherUtil.java:295) ~[classes/:na]
	at com.aiit.graduationproject.test.WeatherThread.run(WeatherDB.java:134) ~[test-classes/:na]
	at java.lang.Thread.run(Thread.java:745) [na:1.7.0_60]
