18:55:07.033 [localhost-startStop-1] INFO  c.a.g.utils.MessagesUtils - Getting properties from URL file:/D:/软件/开发等软件/开发工具/eclipse/Java%20Eclipse/eclipse-jee-mars-R-win32-x86_64/workspace/.metadata/.plugins/org.eclipse.wst.server.core/tmp0/wtpwebapps/AutomaticQA_1/WEB-INF/classes/properties/messages.properties for the default configuration
18:55:07.041 [localhost-startStop-1] INFO  c.a.g.utils.MessagesUtils - Properties read {START_NUM=40001, LOGS_PATH=D:\u8F6F件\u5F00发等软件\u5F00发工具eclipseJava Eclipseeclipse-jee-mars-R-win32-x86_64workspaceAutomaticQA_1srcmainwebapplogs\, USER_FORMAT_ERROR=用户名格式不对！, SIGN_IN_SUCCESS=登陆成功！, SIGN_IN_ERROR=登录失败！, POS_LOCATION_JSOUP_FILES=F:\jsoup\info\, FILE_QA_PATH=D://QA.txt, WEB_BAIKE_URL=http://baike.baidu.com/view/, END_NUM=50000, POSITION_API_NOT_IP=http://api.map.baidu.com/location/ip?ak=L8OlGnGfB28Ku6fpwt4KmKe39LV7QphG, BASEURL_NEXT_NODE=/textFC/db.shtml, PASSWORD_LENGTH_ERROR=密码长度不对！, PASSWORD_ERROR=密码错误！, BASEURL=http://www.weather.com.cn, REGISTER_SUCCESS=注册成功！, PASSWORD_FORMAT_ERROR=密码格式不对！, Full_WEATHER_NUM=3, USER_NOT_EXIST=该用户不存在！, REGISTER_ERROR=注册失败！, POSITION_API_IP=http://api.map.baidu.com/location/ip?ak=L8OlGnGfB28Ku6fpwt4KmKe39LV7QphG&ip=117.71.53.46}
18:55:08.625 [http-bio-8080-exec-4] INFO  c.a.g.utils.JumpToJspViewsUtils - 进入登陆界面
18:55:35.018 [http-bio-8080-exec-8] INFO  c.a.g.utils.JumpToJspViewsUtils - 进入登陆界面
18:55:37.583 [http-bio-8080-exec-10] INFO  c.alibaba.druid.pool.DruidDataSource - {dataSource-1} inited
18:55:37.713 [http-bio-8080-exec-10] ERROR c.a.g.controller.UserController - 查询失败！：：：用户::sa::不存在
18:55:37.714 [http-bio-8080-exec-10] INFO  c.a.g.controller.UserController - 进入:::login.jsp:::页面!
18:55:41.071 [http-bio-8080-exec-10] INFO  c.a.g.controller.UserController - 查询成功！：：：用户::王思捷::存在
18:55:41.071 [http-bio-8080-exec-10] INFO  c.a.g.controller.UserController - 进入:::backstage/backstage.jsp:::页面!
18:56:08.036 [http-bio-8080-exec-1] INFO  c.a.g.controller.WeatherController - ：：：正在检查缺少的数据：：：
18:56:09.828 [http-bio-8080-exec-4] INFO  c.a.g.controller.WeatherController - ：：：正在检查缺少的数据：：：
18:56:10.337 [http-bio-8080-exec-5] INFO  c.a.g.controller.WeatherController - ：：：正在检查缺少的数据：：：
18:56:16.113 [http-bio-8080-exec-8] INFO  c.a.g.utils.JumpToJspViewsUtils - 进入后台数据界面
18:57:27.722 [http-bio-8080-exec-3] INFO  c.a.g.utils.JumpToJspViewsUtils - 进入后台数据界面
18:59:02.386 [http-bio-8080-exec-1] INFO  c.a.g.utils.JumpToJspViewsUtils - 进入后台数据界面
18:59:34.090 [http-bio-8080-exec-5] INFO  c.a.g.utils.JumpToJspViewsUtils - 进入后台数据界面
19:01:24.407 [http-bio-8080-exec-9] INFO  c.a.g.utils.JumpToJspViewsUtils - 进入后台数据界面
19:01:50.282 [localhost-startStop-1] INFO  c.a.g.utils.MessagesUtils - Getting properties from URL file:/D:/软件/开发等软件/开发工具/eclipse/Java%20Eclipse/eclipse-jee-mars-R-win32-x86_64/workspace/.metadata/.plugins/org.eclipse.wst.server.core/tmp0/wtpwebapps/AutomaticQA_1/WEB-INF/classes/properties/messages.properties for the default configuration
19:01:50.291 [localhost-startStop-1] INFO  c.a.g.utils.MessagesUtils - Properties read {START_NUM=40001, LOGS_PATH=D:\u8F6F件\u5F00发等软件\u5F00发工具eclipseJava Eclipseeclipse-jee-mars-R-win32-x86_64workspaceAutomaticQA_1srcmainwebapplogs\, USER_FORMAT_ERROR=用户名格式不对！, SIGN_IN_SUCCESS=登陆成功！, SIGN_IN_ERROR=登录失败！, POS_LOCATION_JSOUP_FILES=F:\jsoup\info\, FILE_QA_PATH=D://QA.txt, WEB_BAIKE_URL=http://baike.baidu.com/view/, END_NUM=50000, POSITION_API_NOT_IP=http://api.map.baidu.com/location/ip?ak=L8OlGnGfB28Ku6fpwt4KmKe39LV7QphG, BASEURL_NEXT_NODE=/textFC/db.shtml, PASSWORD_LENGTH_ERROR=密码长度不对！, PASSWORD_ERROR=密码错误！, BASEURL=http://www.weather.com.cn, REGISTER_SUCCESS=注册成功！, PASSWORD_FORMAT_ERROR=密码格式不对！, Full_WEATHER_NUM=3, USER_NOT_EXIST=该用户不存在！, REGISTER_ERROR=注册失败！, POSITION_API_IP=http://api.map.baidu.com/location/ip?ak=L8OlGnGfB28Ku6fpwt4KmKe39LV7QphG&ip=117.71.53.46}
19:01:51.381 [http-bio-8080-exec-5] INFO  c.a.g.utils.JumpToJspViewsUtils - 进入登陆界面
19:01:58.872 [http-bio-8080-exec-8] INFO  c.a.g.utils.JumpToJspViewsUtils - 进入登陆界面
19:02:00.600 [http-bio-8080-exec-9] INFO  c.alibaba.druid.pool.DruidDataSource - {dataSource-1} inited
19:02:00.670 [http-bio-8080-exec-9] INFO  c.a.g.controller.UserController - 查询成功！：：：用户::王思捷::存在
19:02:00.671 [http-bio-8080-exec-9] INFO  c.a.g.controller.UserController - 进入:::backstage/backstage.jsp:::页面!
19:04:28.394 [http-bio-8080-exec-2] INFO  c.a.g.controller.UserController - 查询成功！：：：用户::王思捷::存在
19:04:28.394 [http-bio-8080-exec-2] INFO  c.a.g.controller.UserController - 进入:::backstage/backstage.jsp:::页面!
19:10:18.951 [localhost-startStop-1] INFO  c.a.g.utils.MessagesUtils - Getting properties from URL file:/D:/软件/开发等软件/开发工具/eclipse/Java%20Eclipse/eclipse-jee-mars-R-win32-x86_64/workspace/.metadata/.plugins/org.eclipse.wst.server.core/tmp0/wtpwebapps/AutomaticQA_1/WEB-INF/classes/properties/messages.properties for the default configuration
19:10:18.959 [localhost-startStop-1] INFO  c.a.g.utils.MessagesUtils - Properties read {START_NUM=40001, LOGS_PATH=D:\u8F6F件\u5F00发等软件\u5F00发工具eclipseJava Eclipseeclipse-jee-mars-R-win32-x86_64workspaceAutomaticQA_1srcmainwebapplogs\, USER_FORMAT_ERROR=用户名格式不对！, SIGN_IN_SUCCESS=登陆成功！, SIGN_IN_ERROR=登录失败！, POS_LOCATION_JSOUP_FILES=F:\jsoup\info\, FILE_QA_PATH=D://QA.txt, WEB_BAIKE_URL=http://baike.baidu.com/view/, END_NUM=50000, POSITION_API_NOT_IP=http://api.map.baidu.com/location/ip?ak=L8OlGnGfB28Ku6fpwt4KmKe39LV7QphG, BASEURL_NEXT_NODE=/textFC/db.shtml, PASSWORD_LENGTH_ERROR=密码长度不对！, PASSWORD_ERROR=密码错误！, BASEURL=http://www.weather.com.cn, REGISTER_SUCCESS=注册成功！, PASSWORD_FORMAT_ERROR=密码格式不对！, Full_WEATHER_NUM=3, USER_NOT_EXIST=该用户不存在！, REGISTER_ERROR=注册失败！, POSITION_API_IP=http://api.map.baidu.com/location/ip?ak=L8OlGnGfB28Ku6fpwt4KmKe39LV7QphG&ip=117.71.53.46}
19:10:19.832 [http-bio-8080-exec-5] INFO  c.a.g.utils.JumpToJspViewsUtils - 进入登陆界面
19:10:28.376 [http-bio-8080-exec-10] INFO  c.a.g.utils.JumpToJspViewsUtils - 进入登陆界面
19:10:30.426 [http-bio-8080-exec-10] INFO  c.alibaba.druid.pool.DruidDataSource - {dataSource-1} inited
19:10:30.499 [http-bio-8080-exec-10] INFO  c.a.g.controller.UserController - 查询成功！：：：用户::王思捷::存在
19:10:30.499 [http-bio-8080-exec-10] INFO  c.a.g.controller.UserController - 进入:::backstage/backstage.jsp:::页面!
19:11:09.112 [http-bio-8080-exec-9] INFO  c.a.g.controller.UserController - 查询成功！：：：用户::王思捷::存在
19:11:09.112 [http-bio-8080-exec-9] INFO  c.a.g.controller.UserController - 进入:::backstage/backstage.jsp:::页面!
19:11:14.843 [http-bio-8080-exec-9] INFO  c.a.g.controller.UserController - 查询成功！：：：用户::王思捷::存在
19:11:14.843 [http-bio-8080-exec-9] INFO  c.a.g.controller.UserController - 进入:::backstage/backstage.jsp:::页面!
19:12:42.261 [localhost-startStop-1] INFO  c.a.g.utils.MessagesUtils - Getting properties from URL file:/D:/软件/开发等软件/开发工具/eclipse/Java%20Eclipse/eclipse-jee-mars-R-win32-x86_64/workspace/.metadata/.plugins/org.eclipse.wst.server.core/tmp0/wtpwebapps/AutomaticQA_1/WEB-INF/classes/properties/messages.properties for the default configuration
19:12:42.268 [localhost-startStop-1] INFO  c.a.g.utils.MessagesUtils - Properties read {START_NUM=40001, LOGS_PATH=D:\u8F6F件\u5F00发等软件\u5F00发工具eclipseJava Eclipseeclipse-jee-mars-R-win32-x86_64workspaceAutomaticQA_1srcmainwebapplogs\, USER_FORMAT_ERROR=用户名格式不对！, SIGN_IN_SUCCESS=登陆成功！, SIGN_IN_ERROR=登录失败！, POS_LOCATION_JSOUP_FILES=F:\jsoup\info\, FILE_QA_PATH=D://QA.txt, WEB_BAIKE_URL=http://baike.baidu.com/view/, END_NUM=50000, POSITION_API_NOT_IP=http://api.map.baidu.com/location/ip?ak=L8OlGnGfB28Ku6fpwt4KmKe39LV7QphG, BASEURL_NEXT_NODE=/textFC/db.shtml, PASSWORD_LENGTH_ERROR=密码长度不对！, PASSWORD_ERROR=密码错误！, BASEURL=http://www.weather.com.cn, REGISTER_SUCCESS=注册成功！, PASSWORD_FORMAT_ERROR=密码格式不对！, Full_WEATHER_NUM=3, USER_NOT_EXIST=该用户不存在！, REGISTER_ERROR=注册失败！, POSITION_API_IP=http://api.map.baidu.com/location/ip?ak=L8OlGnGfB28Ku6fpwt4KmKe39LV7QphG&ip=117.71.53.46}
19:12:43.185 [http-bio-8080-exec-5] INFO  c.a.g.utils.JumpToJspViewsUtils - 进入登陆界面
19:12:50.015 [http-bio-8080-exec-9] INFO  c.a.g.utils.JumpToJspViewsUtils - 进入登陆界面
19:12:52.129 [http-bio-8080-exec-10] INFO  c.alibaba.druid.pool.DruidDataSource - {dataSource-1} inited
19:12:52.223 [http-bio-8080-exec-10] INFO  c.a.g.controller.UserController - 查询成功！：：：用户::王思捷::存在
19:12:52.223 [http-bio-8080-exec-10] INFO  c.a.g.controller.UserController - 进入:::backstage/backstage.jsp:::页面!
19:13:38.461 [http-bio-8080-exec-5] INFO  c.a.g.controller.UserController - 查询成功！：：：用户::王思捷::存在
19:13:38.462 [http-bio-8080-exec-5] INFO  c.a.g.controller.UserController - 进入:::backstage/backstage.jsp:::页面!
19:15:37.881 [http-bio-8080-exec-4] INFO  c.a.g.controller.UserController - 查询成功！：：：用户::王思捷::存在
19:15:37.882 [http-bio-8080-exec-4] INFO  c.a.g.controller.UserController - 进入:::backstage/backstage.jsp:::页面!
19:48:58.425 [localhost-startStop-1] INFO  c.a.g.utils.MessagesUtils - Getting properties from URL file:/D:/软件/开发等软件/开发工具/eclipse/Java%20Eclipse/eclipse-jee-mars-R-win32-x86_64/workspace/.metadata/.plugins/org.eclipse.wst.server.core/tmp0/wtpwebapps/AutomaticQA_1/WEB-INF/classes/properties/messages.properties for the default configuration
19:48:58.432 [localhost-startStop-1] INFO  c.a.g.utils.MessagesUtils - Properties read {START_NUM=40001, LOGS_PATH=D:\u8F6F件\u5F00发等软件\u5F00发工具eclipseJava Eclipseeclipse-jee-mars-R-win32-x86_64workspaceAutomaticQA_1srcmainwebapplogs\, USER_FORMAT_ERROR=用户名格式不对！, SIGN_IN_SUCCESS=登陆成功！, SIGN_IN_ERROR=登录失败！, POS_LOCATION_JSOUP_FILES=F:\jsoup\info\, FILE_QA_PATH=D://QA.txt, WEB_BAIKE_URL=http://baike.baidu.com/view/, END_NUM=50000, POSITION_API_NOT_IP=http://api.map.baidu.com/location/ip?ak=L8OlGnGfB28Ku6fpwt4KmKe39LV7QphG, BASEURL_NEXT_NODE=/textFC/db.shtml, PASSWORD_LENGTH_ERROR=密码长度不对！, PASSWORD_ERROR=密码错误！, BASEURL=http://www.weather.com.cn, REGISTER_SUCCESS=注册成功！, PASSWORD_FORMAT_ERROR=密码格式不对！, Full_WEATHER_NUM=3, USER_NOT_EXIST=该用户不存在！, REGISTER_ERROR=注册失败！, POSITION_API_IP=http://api.map.baidu.com/location/ip?ak=L8OlGnGfB28Ku6fpwt4KmKe39LV7QphG&ip=117.71.53.46}
19:48:59.590 [http-bio-8080-exec-5] INFO  c.a.g.utils.JumpToJspViewsUtils - 进入登陆界面
19:50:06.220 [http-bio-8080-exec-7] INFO  c.a.g.utils.JumpToJspViewsUtils - 进入登陆界面
19:50:34.457 [ContainerBackgroundProcessor[StandardEngine[Catalina]]] INFO  c.a.g.utils.MessagesUtils - Getting properties from URL file:/D:/软件/开发等软件/开发工具/eclipse/Java%20Eclipse/eclipse-jee-mars-R-win32-x86_64/workspace/.metadata/.plugins/org.eclipse.wst.server.core/tmp0/wtpwebapps/AutomaticQA_1/WEB-INF/classes/properties/messages.properties for the default configuration
19:50:34.465 [ContainerBackgroundProcessor[StandardEngine[Catalina]]] INFO  c.a.g.utils.MessagesUtils - Properties read {START_NUM=40001, LOGS_PATH=D:\u8F6F件\u5F00发等软件\u5F00发工具eclipseJava Eclipseeclipse-jee-mars-R-win32-x86_64workspaceAutomaticQA_1srcmainwebapplogs\, USER_FORMAT_ERROR=用户名格式不对！, SIGN_IN_SUCCESS=登陆成功！, SIGN_IN_ERROR=登录失败！, POS_LOCATION_JSOUP_FILES=F:\jsoup\info\, FILE_QA_PATH=D://QA.txt, WEB_BAIKE_URL=http://baike.baidu.com/view/, END_NUM=50000, POSITION_API_NOT_IP=http://api.map.baidu.com/location/ip?ak=L8OlGnGfB28Ku6fpwt4KmKe39LV7QphG, BASEURL_NEXT_NODE=/textFC/db.shtml, PASSWORD_LENGTH_ERROR=密码长度不对！, PASSWORD_ERROR=密码错误！, BASEURL=http://www.weather.com.cn, REGISTER_SUCCESS=注册成功！, PASSWORD_FORMAT_ERROR=密码格式不对！, Full_WEATHER_NUM=3, USER_NOT_EXIST=该用户不存在！, REGISTER_ERROR=注册失败！, POSITION_API_IP=http://api.map.baidu.com/location/ip?ak=L8OlGnGfB28Ku6fpwt4KmKe39LV7QphG&ip=117.71.53.46}
19:51:19.954 [http-bio-8080-exec-10] INFO  c.alibaba.druid.pool.DruidDataSource - {dataSource-1} inited
19:51:20.026 [http-bio-8080-exec-10] INFO  c.a.g.controller.UserController - 查询成功！：：：用户::王思捷::存在
19:51:20.026 [http-bio-8080-exec-10] INFO  c.a.g.controller.UserController - 进入:::backstage/backstage.jsp:::页面!
19:51:41.867 [localhost-startStop-1] INFO  c.a.g.utils.MessagesUtils - Getting properties from URL file:/D:/软件/开发等软件/开发工具/eclipse/Java%20Eclipse/eclipse-jee-mars-R-win32-x86_64/workspace/.metadata/.plugins/org.eclipse.wst.server.core/tmp0/wtpwebapps/AutomaticQA_1/WEB-INF/classes/properties/messages.properties for the default configuration
19:51:41.874 [localhost-startStop-1] INFO  c.a.g.utils.MessagesUtils - Properties read {START_NUM=40001, LOGS_PATH=D:\u8F6F件\u5F00发等软件\u5F00发工具eclipseJava Eclipseeclipse-jee-mars-R-win32-x86_64workspaceAutomaticQA_1srcmainwebapplogs\, USER_FORMAT_ERROR=用户名格式不对！, SIGN_IN_SUCCESS=登陆成功！, SIGN_IN_ERROR=登录失败！, POS_LOCATION_JSOUP_FILES=F:\jsoup\info\, FILE_QA_PATH=D://QA.txt, WEB_BAIKE_URL=http://baike.baidu.com/view/, END_NUM=50000, POSITION_API_NOT_IP=http://api.map.baidu.com/location/ip?ak=L8OlGnGfB28Ku6fpwt4KmKe39LV7QphG, BASEURL_NEXT_NODE=/textFC/db.shtml, PASSWORD_LENGTH_ERROR=密码长度不对！, PASSWORD_ERROR=密码错误！, BASEURL=http://www.weather.com.cn, REGISTER_SUCCESS=注册成功！, PASSWORD_FORMAT_ERROR=密码格式不对！, Full_WEATHER_NUM=3, USER_NOT_EXIST=该用户不存在！, REGISTER_ERROR=注册失败！, POSITION_API_IP=http://api.map.baidu.com/location/ip?ak=L8OlGnGfB28Ku6fpwt4KmKe39LV7QphG&ip=117.71.53.46}
19:51:42.332 [http-bio-8080-exec-5] INFO  c.a.g.utils.JumpToJspViewsUtils - 进入登陆界面
19:51:42.857 [http-bio-8080-exec-9] INFO  c.a.g.utils.JumpToJspViewsUtils - 进入登陆界面
19:52:11.863 [http-bio-8080-exec-1] INFO  c.a.g.utils.JumpToJspViewsUtils - 进入登陆界面
19:53:12.501 [localhost-startStop-1] INFO  c.a.g.utils.MessagesUtils - Getting properties from URL file:/D:/软件/开发等软件/开发工具/eclipse/Java%20Eclipse/eclipse-jee-mars-R-win32-x86_64/workspace/.metadata/.plugins/org.eclipse.wst.server.core/tmp0/wtpwebapps/AutomaticQA_1/WEB-INF/classes/properties/messages.properties for the default configuration
19:53:12.509 [localhost-startStop-1] INFO  c.a.g.utils.MessagesUtils - Properties read {START_NUM=40001, LOGS_PATH=D:\u8F6F件\u5F00发等软件\u5F00发工具eclipseJava Eclipseeclipse-jee-mars-R-win32-x86_64workspaceAutomaticQA_1srcmainwebapplogs\, USER_FORMAT_ERROR=用户名格式不对！, SIGN_IN_SUCCESS=登陆成功！, SIGN_IN_ERROR=登录失败！, POS_LOCATION_JSOUP_FILES=F:\jsoup\info\, FILE_QA_PATH=D://QA.txt, WEB_BAIKE_URL=http://baike.baidu.com/view/, END_NUM=50000, POSITION_API_NOT_IP=http://api.map.baidu.com/location/ip?ak=L8OlGnGfB28Ku6fpwt4KmKe39LV7QphG, BASEURL_NEXT_NODE=/textFC/db.shtml, PASSWORD_LENGTH_ERROR=密码长度不对！, PASSWORD_ERROR=密码错误！, BASEURL=http://www.weather.com.cn, REGISTER_SUCCESS=注册成功！, PASSWORD_FORMAT_ERROR=密码格式不对！, Full_WEATHER_NUM=3, USER_NOT_EXIST=该用户不存在！, REGISTER_ERROR=注册失败！, POSITION_API_IP=http://api.map.baidu.com/location/ip?ak=L8OlGnGfB28Ku6fpwt4KmKe39LV7QphG&ip=117.71.53.46}
19:53:13.565 [http-bio-8080-exec-5] INFO  c.a.g.utils.JumpToJspViewsUtils - 进入登陆界面
19:55:19.908 [localhost-startStop-1] INFO  c.a.g.utils.MessagesUtils - Getting properties from URL file:/D:/软件/开发等软件/开发工具/eclipse/Java%20Eclipse/eclipse-jee-mars-R-win32-x86_64/workspace/.metadata/.plugins/org.eclipse.wst.server.core/tmp0/wtpwebapps/AutomaticQA_1/WEB-INF/classes/properties/messages.properties for the default configuration
19:55:19.915 [localhost-startStop-1] INFO  c.a.g.utils.MessagesUtils - Properties read {START_NUM=40001, LOGS_PATH=D:\u8F6F件\u5F00发等软件\u5F00发工具eclipseJava Eclipseeclipse-jee-mars-R-win32-x86_64workspaceAutomaticQA_1srcmainwebapplogs\, USER_FORMAT_ERROR=用户名格式不对！, SIGN_IN_SUCCESS=登陆成功！, SIGN_IN_ERROR=登录失败！, POS_LOCATION_JSOUP_FILES=F:\jsoup\info\, FILE_QA_PATH=D://QA.txt, WEB_BAIKE_URL=http://baike.baidu.com/view/, END_NUM=50000, POSITION_API_NOT_IP=http://api.map.baidu.com/location/ip?ak=L8OlGnGfB28Ku6fpwt4KmKe39LV7QphG, BASEURL_NEXT_NODE=/textFC/db.shtml, PASSWORD_LENGTH_ERROR=密码长度不对！, PASSWORD_ERROR=密码错误！, BASEURL=http://www.weather.com.cn, REGISTER_SUCCESS=注册成功！, PASSWORD_FORMAT_ERROR=密码格式不对！, Full_WEATHER_NUM=3, USER_NOT_EXIST=该用户不存在！, REGISTER_ERROR=注册失败！, POSITION_API_IP=http://api.map.baidu.com/location/ip?ak=L8OlGnGfB28Ku6fpwt4KmKe39LV7QphG&ip=117.71.53.46}
19:55:21.004 [http-bio-8080-exec-5] INFO  c.a.g.utils.JumpToJspViewsUtils - 进入登陆界面
19:55:36.595 [http-bio-8080-exec-7] INFO  c.a.g.utils.JumpToJspViewsUtils - 进入登陆界面
19:57:03.911 [localhost-startStop-1] INFO  c.a.g.utils.MessagesUtils - Getting properties from URL file:/D:/软件/开发等软件/开发工具/eclipse/Java%20Eclipse/eclipse-jee-mars-R-win32-x86_64/workspace/.metadata/.plugins/org.eclipse.wst.server.core/tmp0/wtpwebapps/AutomaticQA_1/WEB-INF/classes/properties/messages.properties for the default configuration
19:57:03.918 [localhost-startStop-1] INFO  c.a.g.utils.MessagesUtils - Properties read {START_NUM=40001, LOGS_PATH=D:\u8F6F件\u5F00发等软件\u5F00发工具eclipseJava Eclipseeclipse-jee-mars-R-win32-x86_64workspaceAutomaticQA_1srcmainwebapplogs\, USER_FORMAT_ERROR=用户名格式不对！, SIGN_IN_SUCCESS=登陆成功！, SIGN_IN_ERROR=登录失败！, POS_LOCATION_JSOUP_FILES=F:\jsoup\info\, FILE_QA_PATH=D://QA.txt, WEB_BAIKE_URL=http://baike.baidu.com/view/, END_NUM=50000, POSITION_API_NOT_IP=http://api.map.baidu.com/location/ip?ak=L8OlGnGfB28Ku6fpwt4KmKe39LV7QphG, BASEURL_NEXT_NODE=/textFC/db.shtml, PASSWORD_LENGTH_ERROR=密码长度不对！, PASSWORD_ERROR=密码错误！, BASEURL=http://www.weather.com.cn, REGISTER_SUCCESS=注册成功！, PASSWORD_FORMAT_ERROR=密码格式不对！, Full_WEATHER_NUM=3, USER_NOT_EXIST=该用户不存在！, REGISTER_ERROR=注册失败！, POSITION_API_IP=http://api.map.baidu.com/location/ip?ak=L8OlGnGfB28Ku6fpwt4KmKe39LV7QphG&ip=117.71.53.46}
19:57:05.040 [http-bio-8080-exec-4] INFO  c.a.g.utils.JumpToJspViewsUtils - 进入登陆界面
19:57:08.325 [http-bio-8080-exec-7] INFO  c.a.g.utils.JumpToJspViewsUtils - 进入登陆界面
19:57:49.955 [http-bio-8080-exec-7] INFO  c.a.g.utils.JumpToJspViewsUtils - 进入登陆界面
19:59:16.110 [localhost-startStop-1] INFO  c.a.g.utils.MessagesUtils - Getting properties from URL file:/D:/软件/开发等软件/开发工具/eclipse/Java%20Eclipse/eclipse-jee-mars-R-win32-x86_64/workspace/.metadata/.plugins/org.eclipse.wst.server.core/tmp0/wtpwebapps/AutomaticQA_1/WEB-INF/classes/properties/messages.properties for the default configuration
19:59:16.118 [localhost-startStop-1] INFO  c.a.g.utils.MessagesUtils - Properties read {START_NUM=40001, LOGS_PATH=D:\u8F6F件\u5F00发等软件\u5F00发工具eclipseJava Eclipseeclipse-jee-mars-R-win32-x86_64workspaceAutomaticQA_1srcmainwebapplogs\, USER_FORMAT_ERROR=用户名格式不对！, SIGN_IN_SUCCESS=登陆成功！, SIGN_IN_ERROR=登录失败！, POS_LOCATION_JSOUP_FILES=F:\jsoup\info\, FILE_QA_PATH=D://QA.txt, WEB_BAIKE_URL=http://baike.baidu.com/view/, END_NUM=50000, POSITION_API_NOT_IP=http://api.map.baidu.com/location/ip?ak=L8OlGnGfB28Ku6fpwt4KmKe39LV7QphG, BASEURL_NEXT_NODE=/textFC/db.shtml, PASSWORD_LENGTH_ERROR=密码长度不对！, PASSWORD_ERROR=密码错误！, BASEURL=http://www.weather.com.cn, REGISTER_SUCCESS=注册成功！, PASSWORD_FORMAT_ERROR=密码格式不对！, Full_WEATHER_NUM=3, USER_NOT_EXIST=该用户不存在！, REGISTER_ERROR=注册失败！, POSITION_API_IP=http://api.map.baidu.com/location/ip?ak=L8OlGnGfB28Ku6fpwt4KmKe39LV7QphG&ip=117.71.53.46}
19:59:17.060 [http-bio-8080-exec-5] INFO  c.a.g.utils.JumpToJspViewsUtils - 进入登陆界面
19:59:41.054 [http-bio-8080-exec-8] INFO  c.a.g.utils.JumpToJspViewsUtils - 进入登陆界面
20:03:02.846 [localhost-startStop-1] INFO  c.a.g.utils.MessagesUtils - Getting properties from URL file:/D:/软件/开发等软件/开发工具/eclipse/Java%20Eclipse/eclipse-jee-mars-R-win32-x86_64/workspace/.metadata/.plugins/org.eclipse.wst.server.core/tmp0/wtpwebapps/AutomaticQA_1/WEB-INF/classes/properties/messages.properties for the default configuration
20:03:02.854 [localhost-startStop-1] INFO  c.a.g.utils.MessagesUtils - Properties read {START_NUM=40001, LOGS_PATH=D:\u8F6F件\u5F00发等软件\u5F00发工具eclipseJava Eclipseeclipse-jee-mars-R-win32-x86_64workspaceAutomaticQA_1srcmainwebapplogs\, USER_FORMAT_ERROR=用户名格式不对！, SIGN_IN_SUCCESS=登陆成功！, SIGN_IN_ERROR=登录失败！, POS_LOCATION_JSOUP_FILES=F:\jsoup\info\, FILE_QA_PATH=D://QA.txt, WEB_BAIKE_URL=http://baike.baidu.com/view/, END_NUM=50000, POSITION_API_NOT_IP=http://api.map.baidu.com/location/ip?ak=L8OlGnGfB28Ku6fpwt4KmKe39LV7QphG, BASEURL_NEXT_NODE=/textFC/db.shtml, PASSWORD_LENGTH_ERROR=密码长度不对！, PASSWORD_ERROR=密码错误！, BASEURL=http://www.weather.com.cn, REGISTER_SUCCESS=注册成功！, PASSWORD_FORMAT_ERROR=密码格式不对！, Full_WEATHER_NUM=3, USER_NOT_EXIST=该用户不存在！, REGISTER_ERROR=注册失败！, POSITION_API_IP=http://api.map.baidu.com/location/ip?ak=L8OlGnGfB28Ku6fpwt4KmKe39LV7QphG&ip=117.71.53.46}
20:03:03.735 [http-bio-8080-exec-5] INFO  c.a.g.utils.JumpToJspViewsUtils - 进入登陆界面
20:04:44.185 [localhost-startStop-1] INFO  c.a.g.utils.MessagesUtils - Getting properties from URL file:/D:/软件/开发等软件/开发工具/eclipse/Java%20Eclipse/eclipse-jee-mars-R-win32-x86_64/workspace/.metadata/.plugins/org.eclipse.wst.server.core/tmp0/wtpwebapps/AutomaticQA_1/WEB-INF/classes/properties/messages.properties for the default configuration
20:04:44.192 [localhost-startStop-1] INFO  c.a.g.utils.MessagesUtils - Properties read {START_NUM=40001, LOGS_PATH=D:\u8F6F件\u5F00发等软件\u5F00发工具eclipseJava Eclipseeclipse-jee-mars-R-win32-x86_64workspaceAutomaticQA_1srcmainwebapplogs\, USER_FORMAT_ERROR=用户名格式不对！, SIGN_IN_SUCCESS=登陆成功！, SIGN_IN_ERROR=登录失败！, POS_LOCATION_JSOUP_FILES=F:\jsoup\info\, FILE_QA_PATH=D://QA.txt, WEB_BAIKE_URL=http://baike.baidu.com/view/, END_NUM=50000, POSITION_API_NOT_IP=http://api.map.baidu.com/location/ip?ak=L8OlGnGfB28Ku6fpwt4KmKe39LV7QphG, BASEURL_NEXT_NODE=/textFC/db.shtml, PASSWORD_LENGTH_ERROR=密码长度不对！, PASSWORD_ERROR=密码错误！, BASEURL=http://www.weather.com.cn, REGISTER_SUCCESS=注册成功！, PASSWORD_FORMAT_ERROR=密码格式不对！, Full_WEATHER_NUM=3, USER_NOT_EXIST=该用户不存在！, REGISTER_ERROR=注册失败！, POSITION_API_IP=http://api.map.baidu.com/location/ip?ak=L8OlGnGfB28Ku6fpwt4KmKe39LV7QphG&ip=117.71.53.46}
20:04:55.907 [http-bio-8080-exec-3] INFO  c.a.g.utils.JumpToJspViewsUtils - 进入登陆界面
20:05:11.937 [http-bio-8080-exec-6] INFO  c.a.g.utils.JumpToJspViewsUtils - 进入登陆界面
20:05:40.958 [http-bio-8080-exec-9] INFO  c.a.g.utils.JumpToJspViewsUtils - 进入登陆界面
20:06:24.047 [localhost-startStop-1] INFO  c.a.g.utils.MessagesUtils - Getting properties from URL file:/D:/软件/开发等软件/开发工具/eclipse/Java%20Eclipse/eclipse-jee-mars-R-win32-x86_64/workspace/.metadata/.plugins/org.eclipse.wst.server.core/tmp0/wtpwebapps/AutomaticQA_1/WEB-INF/classes/properties/messages.properties for the default configuration
20:06:24.055 [localhost-startStop-1] INFO  c.a.g.utils.MessagesUtils - Properties read {START_NUM=40001, LOGS_PATH=D:\u8F6F件\u5F00发等软件\u5F00发工具eclipseJava Eclipseeclipse-jee-mars-R-win32-x86_64workspaceAutomaticQA_1srcmainwebapplogs\, USER_FORMAT_ERROR=用户名格式不对！, SIGN_IN_SUCCESS=登陆成功！, SIGN_IN_ERROR=登录失败！, POS_LOCATION_JSOUP_FILES=F:\jsoup\info\, FILE_QA_PATH=D://QA.txt, WEB_BAIKE_URL=http://baike.baidu.com/view/, END_NUM=50000, POSITION_API_NOT_IP=http://api.map.baidu.com/location/ip?ak=L8OlGnGfB28Ku6fpwt4KmKe39LV7QphG, BASEURL_NEXT_NODE=/textFC/db.shtml, PASSWORD_LENGTH_ERROR=密码长度不对！, PASSWORD_ERROR=密码错误！, BASEURL=http://www.weather.com.cn, REGISTER_SUCCESS=注册成功！, PASSWORD_FORMAT_ERROR=密码格式不对！, Full_WEATHER_NUM=3, USER_NOT_EXIST=该用户不存在！, REGISTER_ERROR=注册失败！, POSITION_API_IP=http://api.map.baidu.com/location/ip?ak=L8OlGnGfB28Ku6fpwt4KmKe39LV7QphG&ip=117.71.53.46}
20:06:24.979 [http-bio-8080-exec-5] INFO  c.a.g.utils.JumpToJspViewsUtils - 进入登陆界面
