09:10:02.093 [Thread-0] ERROR c.a.g.utils.JsoupInfoUtil - IO流出错
java.net.SocketTimeoutException: connect timed out
	at java.net.DualStackPlainSocketImpl.waitForConnect(Native Method) ~[na:1.7.0_60]
	at java.net.DualStackPlainSocketImpl.socketConnect(DualStackPlainSocketImpl.java:85) ~[na:1.7.0_60]
	at java.net.AbstractPlainSocketImpl.doConnect(AbstractPlainSocketImpl.java:339) ~[na:1.7.0_60]
	at java.net.AbstractPlainSocketImpl.connectToAddress(AbstractPlainSocketImpl.java:200) ~[na:1.7.0_60]
	at java.net.AbstractPlainSocketImpl.connect(AbstractPlainSocketImpl.java:182) ~[na:1.7.0_60]
	at java.net.PlainSocketImpl.connect(PlainSocketImpl.java:172) ~[na:1.7.0_60]
	at java.net.SocksSocketImpl.connect(SocksSocketImpl.java:392) ~[na:1.7.0_60]
	at java.net.Socket.connect(Socket.java:579) ~[na:1.7.0_60]
	at sun.net.NetworkClient.doConnect(NetworkClient.java:175) ~[na:1.7.0_60]
	at sun.net.www.http.HttpClient.openServer(HttpClient.java:432) ~[na:1.7.0_60]
	at sun.net.www.http.HttpClient.openServer(HttpClient.java:527) ~[na:1.7.0_60]
	at sun.net.www.http.HttpClient.<init>(HttpClient.java:211) ~[na:1.7.0_60]
	at sun.net.www.http.HttpClient.New(HttpClient.java:308) ~[na:1.7.0_60]
	at sun.net.www.http.HttpClient.New(HttpClient.java:326) ~[na:1.7.0_60]
	at sun.net.www.protocol.http.HttpURLConnection.getNewHttpClient(HttpURLConnection.java:996) ~[na:1.7.0_60]
	at sun.net.www.protocol.http.HttpURLConnection.plainConnect(HttpURLConnection.java:932) ~[na:1.7.0_60]
	at sun.net.www.protocol.http.HttpURLConnection.connect(HttpURLConnection.java:850) ~[na:1.7.0_60]
	at sun.net.www.protocol.http.HttpURLConnection.followRedirect(HttpURLConnection.java:2398) ~[na:1.7.0_60]
	at sun.net.www.protocol.http.HttpURLConnection.getInputStream(HttpURLConnection.java:1557) ~[na:1.7.0_60]
	at java.net.HttpURLConnection.getResponseCode(HttpURLConnection.java:468) ~[na:1.7.0_60]
	at com.aiit.graduationproject.utils.JsoupInfoUtil.getWebHtmlInfoAndUpdateFileName(JsoupInfoUtil.java:70) ~[classes/:na]
	at com.aiit.graduationproject.utils.JsoupInfoUtil$1.run(JsoupInfoUtil.java:183) [classes/:na]
15:29:10.137 [Thread-0] ERROR c.a.g.utils.JsoupInfoUtil - IO流出错
java.net.SocketTimeoutException: Read timed out
	at java.net.SocketInputStream.socketRead0(Native Method) ~[na:1.7.0_60]
	at java.net.SocketInputStream.read(SocketInputStream.java:152) ~[na:1.7.0_60]
	at java.net.SocketInputStream.read(SocketInputStream.java:122) ~[na:1.7.0_60]
	at java.io.BufferedInputStream.fill(BufferedInputStream.java:235) ~[na:1.7.0_60]
	at java.io.BufferedInputStream.read1(BufferedInputStream.java:275) ~[na:1.7.0_60]
	at java.io.BufferedInputStream.read(BufferedInputStream.java:334) ~[na:1.7.0_60]
	at sun.net.www.http.ChunkedInputStream.fastRead(ChunkedInputStream.java:244) ~[na:1.7.0_60]
	at sun.net.www.http.ChunkedInputStream.read(ChunkedInputStream.java:689) ~[na:1.7.0_60]
	at java.io.FilterInputStream.read(FilterInputStream.java:133) ~[na:1.7.0_60]
	at sun.net.www.protocol.http.HttpURLConnection$HttpInputStream.read(HttpURLConnection.java:3053) ~[na:1.7.0_60]
	at sun.nio.cs.StreamDecoder.readBytes(StreamDecoder.java:283) ~[na:1.7.0_60]
	at sun.nio.cs.StreamDecoder.implRead(StreamDecoder.java:325) ~[na:1.7.0_60]
	at sun.nio.cs.StreamDecoder.read(StreamDecoder.java:177) ~[na:1.7.0_60]
	at java.io.InputStreamReader.read(InputStreamReader.java:184) ~[na:1.7.0_60]
	at java.io.BufferedReader.fill(BufferedReader.java:154) ~[na:1.7.0_60]
	at java.io.BufferedReader.readLine(BufferedReader.java:317) ~[na:1.7.0_60]
	at java.io.BufferedReader.readLine(BufferedReader.java:382) ~[na:1.7.0_60]
	at com.aiit.graduationproject.utils.JsoupInfoUtil.getWebHtmlInfoAndUpdateFileName(JsoupInfoUtil.java:75) ~[classes/:na]
	at com.aiit.graduationproject.utils.JsoupInfoUtil$1.run(JsoupInfoUtil.java:187) [classes/:na]
15:34:51.185 [Thread-0] ERROR c.a.g.utils.JsoupInfoUtil - IO流出错
java.net.SocketTimeoutException: Read timed out
	at java.net.SocketInputStream.socketRead0(Native Method) ~[na:1.7.0_60]
	at java.net.SocketInputStream.read(SocketInputStream.java:152) ~[na:1.7.0_60]
	at java.net.SocketInputStream.read(SocketInputStream.java:122) ~[na:1.7.0_60]
	at java.io.BufferedInputStream.fill(BufferedInputStream.java:235) ~[na:1.7.0_60]
	at java.io.BufferedInputStream.read1(BufferedInputStream.java:275) ~[na:1.7.0_60]
	at java.io.BufferedInputStream.read(BufferedInputStream.java:334) ~[na:1.7.0_60]
	at sun.net.www.http.ChunkedInputStream.readAheadBlocking(ChunkedInputStream.java:552) ~[na:1.7.0_60]
	at sun.net.www.http.ChunkedInputStream.readAhead(ChunkedInputStream.java:609) ~[na:1.7.0_60]
	at sun.net.www.http.ChunkedInputStream.read(ChunkedInputStream.java:696) ~[na:1.7.0_60]
	at java.io.FilterInputStream.read(FilterInputStream.java:133) ~[na:1.7.0_60]
	at sun.net.www.protocol.http.HttpURLConnection$HttpInputStream.read(HttpURLConnection.java:3053) ~[na:1.7.0_60]
	at sun.nio.cs.StreamDecoder.readBytes(StreamDecoder.java:283) ~[na:1.7.0_60]
	at sun.nio.cs.StreamDecoder.implRead(StreamDecoder.java:325) ~[na:1.7.0_60]
	at sun.nio.cs.StreamDecoder.read(StreamDecoder.java:177) ~[na:1.7.0_60]
	at java.io.InputStreamReader.read(InputStreamReader.java:184) ~[na:1.7.0_60]
	at java.io.BufferedReader.fill(BufferedReader.java:154) ~[na:1.7.0_60]
	at java.io.BufferedReader.readLine(BufferedReader.java:317) ~[na:1.7.0_60]
	at java.io.BufferedReader.readLine(BufferedReader.java:382) ~[na:1.7.0_60]
	at com.aiit.graduationproject.utils.JsoupInfoUtil.getWebHtmlInfoAndUpdateFileName(JsoupInfoUtil.java:75) ~[classes/:na]
	at com.aiit.graduationproject.utils.JsoupInfoUtil$1.run(JsoupInfoUtil.java:187) [classes/:na]
15:41:07.646 [Thread-0] ERROR c.a.g.utils.JsoupInfoUtil - IO流出错
java.net.SocketTimeoutException: Read timed out
	at java.net.SocketInputStream.socketRead0(Native Method) ~[na:1.7.0_60]
	at java.net.SocketInputStream.read(SocketInputStream.java:152) ~[na:1.7.0_60]
	at java.net.SocketInputStream.read(SocketInputStream.java:122) ~[na:1.7.0_60]
	at java.io.BufferedInputStream.fill(BufferedInputStream.java:235) ~[na:1.7.0_60]
	at java.io.BufferedInputStream.read1(BufferedInputStream.java:275) ~[na:1.7.0_60]
	at java.io.BufferedInputStream.read(BufferedInputStream.java:334) ~[na:1.7.0_60]
	at sun.net.www.http.ChunkedInputStream.fastRead(ChunkedInputStream.java:244) ~[na:1.7.0_60]
	at sun.net.www.http.ChunkedInputStream.read(ChunkedInputStream.java:689) ~[na:1.7.0_60]
	at java.io.FilterInputStream.read(FilterInputStream.java:133) ~[na:1.7.0_60]
	at sun.net.www.protocol.http.HttpURLConnection$HttpInputStream.read(HttpURLConnection.java:3053) ~[na:1.7.0_60]
	at sun.nio.cs.StreamDecoder.readBytes(StreamDecoder.java:283) ~[na:1.7.0_60]
	at sun.nio.cs.StreamDecoder.implRead(StreamDecoder.java:325) ~[na:1.7.0_60]
	at sun.nio.cs.StreamDecoder.read(StreamDecoder.java:177) ~[na:1.7.0_60]
	at java.io.InputStreamReader.read(InputStreamReader.java:184) ~[na:1.7.0_60]
	at java.io.BufferedReader.fill(BufferedReader.java:154) ~[na:1.7.0_60]
	at java.io.BufferedReader.readLine(BufferedReader.java:317) ~[na:1.7.0_60]
	at java.io.BufferedReader.readLine(BufferedReader.java:382) ~[na:1.7.0_60]
	at com.aiit.graduationproject.utils.JsoupInfoUtil.getWebHtmlInfoAndUpdateFileName(JsoupInfoUtil.java:75) ~[classes/:na]
	at com.aiit.graduationproject.utils.JsoupInfoUtil$1.run(JsoupInfoUtil.java:187) [classes/:na]
15:47:34.079 [Thread-0] ERROR c.a.g.utils.JsoupInfoUtil - IO流出错
java.net.SocketTimeoutException: connect timed out
	at java.net.DualStackPlainSocketImpl.waitForConnect(Native Method) ~[na:1.7.0_60]
	at java.net.DualStackPlainSocketImpl.socketConnect(DualStackPlainSocketImpl.java:85) ~[na:1.7.0_60]
	at java.net.AbstractPlainSocketImpl.doConnect(AbstractPlainSocketImpl.java:339) ~[na:1.7.0_60]
	at java.net.AbstractPlainSocketImpl.connectToAddress(AbstractPlainSocketImpl.java:200) ~[na:1.7.0_60]
	at java.net.AbstractPlainSocketImpl.connect(AbstractPlainSocketImpl.java:182) ~[na:1.7.0_60]
	at java.net.PlainSocketImpl.connect(PlainSocketImpl.java:172) ~[na:1.7.0_60]
	at java.net.SocksSocketImpl.connect(SocksSocketImpl.java:392) ~[na:1.7.0_60]
	at java.net.Socket.connect(Socket.java:579) ~[na:1.7.0_60]
	at sun.net.NetworkClient.doConnect(NetworkClient.java:175) ~[na:1.7.0_60]
	at sun.net.www.http.HttpClient.openServer(HttpClient.java:432) ~[na:1.7.0_60]
	at sun.net.www.http.HttpClient.openServer(HttpClient.java:527) ~[na:1.7.0_60]
	at sun.net.www.http.HttpClient.<init>(HttpClient.java:211) ~[na:1.7.0_60]
	at sun.net.www.http.HttpClient.New(HttpClient.java:308) ~[na:1.7.0_60]
	at sun.net.www.http.HttpClient.New(HttpClient.java:326) ~[na:1.7.0_60]
	at sun.net.www.protocol.http.HttpURLConnection.getNewHttpClient(HttpURLConnection.java:996) ~[na:1.7.0_60]
	at sun.net.www.protocol.http.HttpURLConnection.plainConnect(HttpURLConnection.java:932) ~[na:1.7.0_60]
	at sun.net.www.protocol.http.HttpURLConnection.connect(HttpURLConnection.java:850) ~[na:1.7.0_60]
	at sun.net.www.protocol.http.HttpURLConnection.followRedirect(HttpURLConnection.java:2398) ~[na:1.7.0_60]
	at sun.net.www.protocol.http.HttpURLConnection.getInputStream(HttpURLConnection.java:1557) ~[na:1.7.0_60]
	at java.net.HttpURLConnection.getResponseCode(HttpURLConnection.java:468) ~[na:1.7.0_60]
	at com.aiit.graduationproject.utils.JsoupInfoUtil.getWebHtmlInfoAndUpdateFileName(JsoupInfoUtil.java:70) ~[classes/:na]
	at com.aiit.graduationproject.utils.JsoupInfoUtil$1.run(JsoupInfoUtil.java:187) [classes/:na]
15:53:42.672 [Thread-0] ERROR c.a.g.utils.JsoupInfoUtil - IO流出错
java.net.SocketTimeoutException: Read timed out
	at java.net.SocketInputStream.socketRead0(Native Method) ~[na:1.7.0_60]
	at java.net.SocketInputStream.read(SocketInputStream.java:152) ~[na:1.7.0_60]
	at java.net.SocketInputStream.read(SocketInputStream.java:122) ~[na:1.7.0_60]
	at java.io.BufferedInputStream.fill(BufferedInputStream.java:235) ~[na:1.7.0_60]
	at java.io.BufferedInputStream.read1(BufferedInputStream.java:275) ~[na:1.7.0_60]
	at java.io.BufferedInputStream.read(BufferedInputStream.java:334) ~[na:1.7.0_60]
	at sun.net.www.http.ChunkedInputStream.fastRead(ChunkedInputStream.java:244) ~[na:1.7.0_60]
	at sun.net.www.http.ChunkedInputStream.read(ChunkedInputStream.java:689) ~[na:1.7.0_60]
	at java.io.FilterInputStream.read(FilterInputStream.java:133) ~[na:1.7.0_60]
	at sun.net.www.protocol.http.HttpURLConnection$HttpInputStream.read(HttpURLConnection.java:3053) ~[na:1.7.0_60]
	at sun.nio.cs.StreamDecoder.readBytes(StreamDecoder.java:283) ~[na:1.7.0_60]
	at sun.nio.cs.StreamDecoder.implRead(StreamDecoder.java:325) ~[na:1.7.0_60]
	at sun.nio.cs.StreamDecoder.read(StreamDecoder.java:177) ~[na:1.7.0_60]
	at java.io.InputStreamReader.read(InputStreamReader.java:184) ~[na:1.7.0_60]
	at java.io.BufferedReader.fill(BufferedReader.java:154) ~[na:1.7.0_60]
	at java.io.BufferedReader.readLine(BufferedReader.java:317) ~[na:1.7.0_60]
	at java.io.BufferedReader.readLine(BufferedReader.java:382) ~[na:1.7.0_60]
	at com.aiit.graduationproject.utils.JsoupInfoUtil.getWebHtmlInfoAndUpdateFileName(JsoupInfoUtil.java:75) ~[classes/:na]
	at com.aiit.graduationproject.utils.JsoupInfoUtil$1.run(JsoupInfoUtil.java:187) [classes/:na]
15:55:42.400 [Thread-0] ERROR c.a.g.utils.JsoupInfoUtil - IO流出错
java.net.SocketTimeoutException: Read timed out
	at java.net.SocketInputStream.socketRead0(Native Method) ~[na:1.7.0_60]
	at java.net.SocketInputStream.read(SocketInputStream.java:152) ~[na:1.7.0_60]
	at java.net.SocketInputStream.read(SocketInputStream.java:122) ~[na:1.7.0_60]
	at java.io.BufferedInputStream.fill(BufferedInputStream.java:235) ~[na:1.7.0_60]
	at java.io.BufferedInputStream.read1(BufferedInputStream.java:275) ~[na:1.7.0_60]
	at java.io.BufferedInputStream.read(BufferedInputStream.java:334) ~[na:1.7.0_60]
	at sun.net.www.http.ChunkedInputStream.fastRead(ChunkedInputStream.java:244) ~[na:1.7.0_60]
	at sun.net.www.http.ChunkedInputStream.read(ChunkedInputStream.java:689) ~[na:1.7.0_60]
	at java.io.FilterInputStream.read(FilterInputStream.java:133) ~[na:1.7.0_60]
	at sun.net.www.protocol.http.HttpURLConnection$HttpInputStream.read(HttpURLConnection.java:3053) ~[na:1.7.0_60]
	at sun.nio.cs.StreamDecoder.readBytes(StreamDecoder.java:283) ~[na:1.7.0_60]
	at sun.nio.cs.StreamDecoder.implRead(StreamDecoder.java:325) ~[na:1.7.0_60]
	at sun.nio.cs.StreamDecoder.read(StreamDecoder.java:177) ~[na:1.7.0_60]
	at java.io.InputStreamReader.read(InputStreamReader.java:184) ~[na:1.7.0_60]
	at java.io.BufferedReader.fill(BufferedReader.java:154) ~[na:1.7.0_60]
	at java.io.BufferedReader.readLine(BufferedReader.java:317) ~[na:1.7.0_60]
	at java.io.BufferedReader.readLine(BufferedReader.java:382) ~[na:1.7.0_60]
	at com.aiit.graduationproject.utils.JsoupInfoUtil.getWebHtmlInfoAndUpdateFileName(JsoupInfoUtil.java:75) ~[classes/:na]
	at com.aiit.graduationproject.utils.JsoupInfoUtil$1.run(JsoupInfoUtil.java:187) [classes/:na]
17:27:34.540 [Thread-0] ERROR c.a.g.utils.JsoupInfoUtil - IO流出错
java.net.SocketTimeoutException: connect timed out
	at java.net.DualStackPlainSocketImpl.waitForConnect(Native Method) ~[na:1.7.0_60]
	at java.net.DualStackPlainSocketImpl.socketConnect(DualStackPlainSocketImpl.java:85) ~[na:1.7.0_60]
	at java.net.AbstractPlainSocketImpl.doConnect(AbstractPlainSocketImpl.java:339) ~[na:1.7.0_60]
	at java.net.AbstractPlainSocketImpl.connectToAddress(AbstractPlainSocketImpl.java:200) ~[na:1.7.0_60]
	at java.net.AbstractPlainSocketImpl.connect(AbstractPlainSocketImpl.java:182) ~[na:1.7.0_60]
	at java.net.PlainSocketImpl.connect(PlainSocketImpl.java:172) ~[na:1.7.0_60]
	at java.net.SocksSocketImpl.connect(SocksSocketImpl.java:392) ~[na:1.7.0_60]
	at java.net.Socket.connect(Socket.java:579) ~[na:1.7.0_60]
	at sun.net.NetworkClient.doConnect(NetworkClient.java:175) ~[na:1.7.0_60]
	at sun.net.www.http.HttpClient.openServer(HttpClient.java:432) ~[na:1.7.0_60]
	at sun.net.www.http.HttpClient.openServer(HttpClient.java:527) ~[na:1.7.0_60]
	at sun.net.www.http.HttpClient.<init>(HttpClient.java:211) ~[na:1.7.0_60]
	at sun.net.www.http.HttpClient.New(HttpClient.java:308) ~[na:1.7.0_60]
	at sun.net.www.http.HttpClient.New(HttpClient.java:326) ~[na:1.7.0_60]
	at sun.net.www.protocol.http.HttpURLConnection.getNewHttpClient(HttpURLConnection.java:996) ~[na:1.7.0_60]
	at sun.net.www.protocol.http.HttpURLConnection.plainConnect(HttpURLConnection.java:932) ~[na:1.7.0_60]
	at sun.net.www.protocol.http.HttpURLConnection.connect(HttpURLConnection.java:850) ~[na:1.7.0_60]
	at sun.net.www.protocol.http.HttpURLConnection.followRedirect(HttpURLConnection.java:2398) ~[na:1.7.0_60]
	at sun.net.www.protocol.http.HttpURLConnection.getInputStream(HttpURLConnection.java:1557) ~[na:1.7.0_60]
	at java.net.HttpURLConnection.getResponseCode(HttpURLConnection.java:468) ~[na:1.7.0_60]
	at com.aiit.graduationproject.utils.JsoupInfoUtil.getWebHtmlInfoAndUpdateFileName(JsoupInfoUtil.java:70) ~[classes/:na]
	at com.aiit.graduationproject.utils.JsoupInfoUtil$1.run(JsoupInfoUtil.java:187) [classes/:na]
17:37:36.940 [Thread-0] ERROR c.a.g.utils.JsoupInfoUtil - IO流出错
java.net.SocketTimeoutException: connect timed out
	at java.net.DualStackPlainSocketImpl.waitForConnect(Native Method) ~[na:1.7.0_60]
	at java.net.DualStackPlainSocketImpl.socketConnect(DualStackPlainSocketImpl.java:85) ~[na:1.7.0_60]
	at java.net.AbstractPlainSocketImpl.doConnect(AbstractPlainSocketImpl.java:339) ~[na:1.7.0_60]
	at java.net.AbstractPlainSocketImpl.connectToAddress(AbstractPlainSocketImpl.java:200) ~[na:1.7.0_60]
	at java.net.AbstractPlainSocketImpl.connect(AbstractPlainSocketImpl.java:182) ~[na:1.7.0_60]
	at java.net.PlainSocketImpl.connect(PlainSocketImpl.java:172) ~[na:1.7.0_60]
	at java.net.SocksSocketImpl.connect(SocksSocketImpl.java:392) ~[na:1.7.0_60]
	at java.net.Socket.connect(Socket.java:579) ~[na:1.7.0_60]
	at sun.net.NetworkClient.doConnect(NetworkClient.java:175) ~[na:1.7.0_60]
	at sun.net.www.http.HttpClient.openServer(HttpClient.java:432) ~[na:1.7.0_60]
	at sun.net.www.http.HttpClient.openServer(HttpClient.java:527) ~[na:1.7.0_60]
	at sun.net.www.http.HttpClient.<init>(HttpClient.java:211) ~[na:1.7.0_60]
	at sun.net.www.http.HttpClient.New(HttpClient.java:308) ~[na:1.7.0_60]
	at sun.net.www.http.HttpClient.New(HttpClient.java:326) ~[na:1.7.0_60]
	at sun.net.www.protocol.http.HttpURLConnection.getNewHttpClient(HttpURLConnection.java:996) ~[na:1.7.0_60]
	at sun.net.www.protocol.http.HttpURLConnection.plainConnect(HttpURLConnection.java:932) ~[na:1.7.0_60]
	at sun.net.www.protocol.http.HttpURLConnection.connect(HttpURLConnection.java:850) ~[na:1.7.0_60]
	at sun.net.www.protocol.http.HttpURLConnection.followRedirect(HttpURLConnection.java:2398) ~[na:1.7.0_60]
	at sun.net.www.protocol.http.HttpURLConnection.getInputStream(HttpURLConnection.java:1557) ~[na:1.7.0_60]
	at java.net.HttpURLConnection.getResponseCode(HttpURLConnection.java:468) ~[na:1.7.0_60]
	at com.aiit.graduationproject.utils.JsoupInfoUtil.getWebHtmlInfoAndUpdateFileName(JsoupInfoUtil.java:70) ~[classes/:na]
	at com.aiit.graduationproject.utils.JsoupInfoUtil$1.run(JsoupInfoUtil.java:187) [classes/:na]
17:42:41.054 [Thread-0] ERROR c.a.g.utils.JsoupInfoUtil - IO流出错
java.net.SocketTimeoutException: connect timed out
	at java.net.DualStackPlainSocketImpl.waitForConnect(Native Method) ~[na:1.7.0_60]
	at java.net.DualStackPlainSocketImpl.socketConnect(DualStackPlainSocketImpl.java:85) ~[na:1.7.0_60]
	at java.net.AbstractPlainSocketImpl.doConnect(AbstractPlainSocketImpl.java:339) ~[na:1.7.0_60]
	at java.net.AbstractPlainSocketImpl.connectToAddress(AbstractPlainSocketImpl.java:200) ~[na:1.7.0_60]
	at java.net.AbstractPlainSocketImpl.connect(AbstractPlainSocketImpl.java:182) ~[na:1.7.0_60]
	at java.net.PlainSocketImpl.connect(PlainSocketImpl.java:172) ~[na:1.7.0_60]
	at java.net.SocksSocketImpl.connect(SocksSocketImpl.java:392) ~[na:1.7.0_60]
	at java.net.Socket.connect(Socket.java:579) ~[na:1.7.0_60]
	at sun.net.NetworkClient.doConnect(NetworkClient.java:175) ~[na:1.7.0_60]
	at sun.net.www.http.HttpClient.openServer(HttpClient.java:432) ~[na:1.7.0_60]
	at sun.net.www.http.HttpClient.openServer(HttpClient.java:527) ~[na:1.7.0_60]
	at sun.net.www.http.HttpClient.<init>(HttpClient.java:211) ~[na:1.7.0_60]
	at sun.net.www.http.HttpClient.New(HttpClient.java:308) ~[na:1.7.0_60]
	at sun.net.www.http.HttpClient.New(HttpClient.java:326) ~[na:1.7.0_60]
	at sun.net.www.protocol.http.HttpURLConnection.getNewHttpClient(HttpURLConnection.java:996) ~[na:1.7.0_60]
	at sun.net.www.protocol.http.HttpURLConnection.plainConnect(HttpURLConnection.java:932) ~[na:1.7.0_60]
	at sun.net.www.protocol.http.HttpURLConnection.connect(HttpURLConnection.java:850) ~[na:1.7.0_60]
	at sun.net.www.protocol.http.HttpURLConnection.followRedirect(HttpURLConnection.java:2398) ~[na:1.7.0_60]
	at sun.net.www.protocol.http.HttpURLConnection.getInputStream(HttpURLConnection.java:1557) ~[na:1.7.0_60]
	at java.net.HttpURLConnection.getResponseCode(HttpURLConnection.java:468) ~[na:1.7.0_60]
	at com.aiit.graduationproject.utils.JsoupInfoUtil.getWebHtmlInfoAndUpdateFileName(JsoupInfoUtil.java:70) ~[classes/:na]
	at com.aiit.graduationproject.utils.JsoupInfoUtil$1.run(JsoupInfoUtil.java:187) [classes/:na]
17:51:21.954 [Thread-0] ERROR c.a.g.utils.JsoupInfoUtil - IO流出错
java.net.SocketTimeoutException: connect timed out
	at java.net.DualStackPlainSocketImpl.waitForConnect(Native Method) ~[na:1.7.0_60]
	at java.net.DualStackPlainSocketImpl.socketConnect(DualStackPlainSocketImpl.java:85) ~[na:1.7.0_60]
	at java.net.AbstractPlainSocketImpl.doConnect(AbstractPlainSocketImpl.java:339) ~[na:1.7.0_60]
	at java.net.AbstractPlainSocketImpl.connectToAddress(AbstractPlainSocketImpl.java:200) ~[na:1.7.0_60]
	at java.net.AbstractPlainSocketImpl.connect(AbstractPlainSocketImpl.java:182) ~[na:1.7.0_60]
	at java.net.PlainSocketImpl.connect(PlainSocketImpl.java:172) ~[na:1.7.0_60]
	at java.net.SocksSocketImpl.connect(SocksSocketImpl.java:392) ~[na:1.7.0_60]
	at java.net.Socket.connect(Socket.java:579) ~[na:1.7.0_60]
	at sun.net.NetworkClient.doConnect(NetworkClient.java:175) ~[na:1.7.0_60]
	at sun.net.www.http.HttpClient.openServer(HttpClient.java:432) ~[na:1.7.0_60]
	at sun.net.www.http.HttpClient.openServer(HttpClient.java:527) ~[na:1.7.0_60]
	at sun.net.www.http.HttpClient.<init>(HttpClient.java:211) ~[na:1.7.0_60]
	at sun.net.www.http.HttpClient.New(HttpClient.java:308) ~[na:1.7.0_60]
	at sun.net.www.http.HttpClient.New(HttpClient.java:326) ~[na:1.7.0_60]
	at sun.net.www.protocol.http.HttpURLConnection.getNewHttpClient(HttpURLConnection.java:996) ~[na:1.7.0_60]
	at sun.net.www.protocol.http.HttpURLConnection.plainConnect(HttpURLConnection.java:932) ~[na:1.7.0_60]
	at sun.net.www.protocol.http.HttpURLConnection.connect(HttpURLConnection.java:850) ~[na:1.7.0_60]
	at sun.net.www.protocol.http.HttpURLConnection.followRedirect(HttpURLConnection.java:2398) ~[na:1.7.0_60]
	at sun.net.www.protocol.http.HttpURLConnection.getInputStream(HttpURLConnection.java:1557) ~[na:1.7.0_60]
	at java.net.HttpURLConnection.getResponseCode(HttpURLConnection.java:468) ~[na:1.7.0_60]
	at com.aiit.graduationproject.utils.JsoupInfoUtil.getWebHtmlInfoAndUpdateFileName(JsoupInfoUtil.java:70) ~[classes/:na]
	at com.aiit.graduationproject.utils.JsoupInfoUtil$1.run(JsoupInfoUtil.java:187) [classes/:na]
18:04:48.296 [Thread-0] ERROR c.a.g.utils.JsoupInfoUtil - IO流出错
java.net.SocketTimeoutException: connect timed out
	at java.net.DualStackPlainSocketImpl.waitForConnect(Native Method) ~[na:1.7.0_60]
	at java.net.DualStackPlainSocketImpl.socketConnect(DualStackPlainSocketImpl.java:85) ~[na:1.7.0_60]
	at java.net.AbstractPlainSocketImpl.doConnect(AbstractPlainSocketImpl.java:339) ~[na:1.7.0_60]
	at java.net.AbstractPlainSocketImpl.connectToAddress(AbstractPlainSocketImpl.java:200) ~[na:1.7.0_60]
	at java.net.AbstractPlainSocketImpl.connect(AbstractPlainSocketImpl.java:182) ~[na:1.7.0_60]
	at java.net.PlainSocketImpl.connect(PlainSocketImpl.java:172) ~[na:1.7.0_60]
	at java.net.SocksSocketImpl.connect(SocksSocketImpl.java:392) ~[na:1.7.0_60]
	at java.net.Socket.connect(Socket.java:579) ~[na:1.7.0_60]
	at sun.net.NetworkClient.doConnect(NetworkClient.java:175) ~[na:1.7.0_60]
	at sun.net.www.http.HttpClient.openServer(HttpClient.java:432) ~[na:1.7.0_60]
	at sun.net.www.http.HttpClient.openServer(HttpClient.java:527) ~[na:1.7.0_60]
	at sun.net.www.http.HttpClient.<init>(HttpClient.java:211) ~[na:1.7.0_60]
	at sun.net.www.http.HttpClient.New(HttpClient.java:308) ~[na:1.7.0_60]
	at sun.net.www.http.HttpClient.New(HttpClient.java:326) ~[na:1.7.0_60]
	at sun.net.www.protocol.http.HttpURLConnection.getNewHttpClient(HttpURLConnection.java:996) ~[na:1.7.0_60]
	at sun.net.www.protocol.http.HttpURLConnection.plainConnect(HttpURLConnection.java:932) ~[na:1.7.0_60]
	at sun.net.www.protocol.http.HttpURLConnection.connect(HttpURLConnection.java:850) ~[na:1.7.0_60]
	at sun.net.www.protocol.http.HttpURLConnection.followRedirect(HttpURLConnection.java:2398) ~[na:1.7.0_60]
	at sun.net.www.protocol.http.HttpURLConnection.getInputStream(HttpURLConnection.java:1557) ~[na:1.7.0_60]
	at java.net.HttpURLConnection.getResponseCode(HttpURLConnection.java:468) ~[na:1.7.0_60]
	at com.aiit.graduationproject.utils.JsoupInfoUtil.getWebHtmlInfoAndUpdateFileName(JsoupInfoUtil.java:70) ~[classes/:na]
	at com.aiit.graduationproject.utils.JsoupInfoUtil$1.run(JsoupInfoUtil.java:187) [classes/:na]
19:29:49.814 [http-bio-8080-exec-6] ERROR c.a.g.controller.UserController - 页面传入的数据为空！
19:32:23.555 [http-bio-8080-exec-3] ERROR c.a.g.controller.UserController - 页面传入的数据为空！
19:32:28.628 [http-bio-8080-exec-9] ERROR c.a.g.controller.UserController - 查询失败！：：：用户::de::不存在
19:32:47.309 [http-bio-8080-exec-10] ERROR c.a.g.controller.UserController - 查询失败！：：：用户::de::不存在
19:33:20.390 [http-bio-8080-exec-8] ERROR c.a.g.controller.UserController - 页面传入的数据为空！
19:33:25.995 [http-bio-8080-exec-8] ERROR c.a.g.controller.UserController - 查询失败！：：：用户::fe::不存在
19:34:04.388 [http-bio-8080-exec-1] ERROR c.a.g.controller.UserController - 查询失败！：：：用户::王思捷::不存在
19:36:05.561 [http-bio-8080-exec-6] ERROR c.a.g.controller.UserController - 查询失败！：：：用户::王思捷::不存在
19:38:51.317 [http-bio-8080-exec-10] ERROR c.a.g.controller.UserController - 页面传入的数据为空！
19:39:00.707 [http-bio-8080-exec-10] ERROR c.a.g.controller.UserController - 查询失败！：：：用户::ew::不存在
